Flow report for speccy2010
Mon Oct 10 19:01:51 2016
Quartus II 64-Bit Version 13.0.1 Build 232 06/12/2013 Service Pack 1 SJ Web Edition


---------------------
; Table of Contents ;
---------------------
  1. Legal Notice
  2. Flow Summary
  3. Flow Settings
  4. Flow Non-Default Global Settings
  5. Flow Elapsed Time
  6. Flow OS Summary
  7. Flow Log
  8. Flow Messages
  9. Flow Suppressed Messages



----------------
; Legal Notice ;
----------------
Copyright (C) 1991-2013 Altera Corporation
Your use of Altera Corporation's design tools, logic functions 
and other software and tools, and its AMPP partner logic 
functions, and any output files from any of the foregoing 
(including device programming or simulation files), and any 
associated documentation or information are expressly subject 
to the terms and conditions of the Altera Program License 
Subscription Agreement, Altera MegaCore Function License 
Agreement, or other applicable license agreement, including, 
without limitation, that your use is for the sole purpose of 
programming logic devices manufactured by Altera and sold by 
Altera or its authorized distributors.  Please refer to the 
applicable agreement for further details.



+--------------------------------------------------------------------------------------+
; Flow Summary                                                                         ;
+------------------------------------+-------------------------------------------------+
; Flow Status                        ; Successful - Mon Oct 10 19:01:45 2016           ;
; Quartus II 64-Bit Version          ; 13.0.1 Build 232 06/12/2013 SP 1 SJ Web Edition ;
; Revision Name                      ; speccy2010                                      ;
; Top-level Entity Name              ; speccy2010_top                                  ;
; Family                             ; Cyclone II                                      ;
; Device                             ; EP2C8Q208C8                                     ;
; Timing Models                      ; Final                                           ;
; Total logic elements               ; 7,601 / 8,256 ( 92 % )                          ;
;     Total combinational functions  ; 7,040 / 8,256 ( 85 % )                          ;
;     Dedicated logic registers      ; 2,646 / 8,256 ( 32 % )                          ;
; Total registers                    ; 2646                                            ;
; Total pins                         ; 130 / 138 ( 94 % )                              ;
; Total virtual pins                 ; 0                                               ;
; Total memory bits                  ; 55,552 / 165,888 ( 33 % )                       ;
; Embedded Multiplier 9-bit elements ; 20 / 36 ( 56 % )                                ;
; Total PLLs                         ; 1 / 2 ( 50 % )                                  ;
+------------------------------------+-------------------------------------------------+


+-----------------------------------------+
; Flow Settings                           ;
+-------------------+---------------------+
; Option            ; Setting             ;
+-------------------+---------------------+
; Start date & time ; 10/10/2016 18:59:46 ;
; Main task         ; Compilation         ;
; Revision Name     ; speccy2010          ;
+-------------------+---------------------+


+-------------------------------------------------------------------------------------------------------------------------+
; Flow Non-Default Global Settings                                                                                        ;
+-------------------------------------+---------------------------------+---------------+----------------+----------------+
; Assignment Name                     ; Value                           ; Default Value ; Entity Name    ; Section Id     ;
+-------------------------------------+---------------------------------+---------------+----------------+----------------+
; COMPILER_SIGNATURE_ID               ; 277351192128545.147611518604352 ; --            ; --             ; --             ;
; IP_TOOL_NAME                        ; ALTPLL                          ; --            ; --             ; --             ;
; IP_TOOL_NAME                        ; ALTPLL                          ; --            ; --             ; --             ;
; IP_TOOL_VERSION                     ; 9.1                             ; --            ; --             ; --             ;
; IP_TOOL_VERSION                     ; 9.1                             ; --            ; --             ; --             ;
; MAX_CORE_JUNCTION_TEMP              ; 85                              ; --            ; --             ; --             ;
; MIN_CORE_JUNCTION_TEMP              ; 0                               ; --            ; --             ; --             ;
; MISC_FILE                           ; src/peripheral/pll/pll.bsf      ; --            ; --             ; --             ;
; MISC_FILE                           ; src/peripheral/pll/pll.cmp      ; --            ; --             ; --             ;
; MISC_FILE                           ; src/peripheral/pll/pll.ppf      ; --            ; --             ; --             ;
; MISC_FILE                           ; src/peripheral/pll/pll2.bsf     ; --            ; --             ; --             ;
; MISC_FILE                           ; src/peripheral/pll/pll2.cmp     ; --            ; --             ; --             ;
; MISC_FILE                           ; src/peripheral/pll/pll2.ppf     ; --            ; --             ; --             ;
; PARTITION_COLOR                     ; 16764057                        ; --            ; speccy2010_top ; Top            ;
; PARTITION_FITTER_PRESERVATION_LEVEL ; PLACEMENT_AND_ROUTING           ; --            ; speccy2010_top ; Top            ;
; PARTITION_NETLIST_TYPE              ; SOURCE                          ; --            ; speccy2010_top ; Top            ;
; TIMEQUEST_MULTICORNER_ANALYSIS      ; Off                             ; On            ; --             ; --             ;
; TOP_LEVEL_ENTITY                    ; speccy2010_top                  ; speccy2010    ; --             ; --             ;
; USE_GENERATED_PHYSICAL_CONSTRAINTS  ; Off                             ; --            ; --             ; eda_blast_fpga ;
+-------------------------------------+---------------------------------+---------------+----------------+----------------+


+-------------------------------------------------------------------------------------------------------------------------------+
; Flow Elapsed Time                                                                                                             ;
+---------------------------+--------------+-------------------------+---------------------+------------------------------------+
; Module Name               ; Elapsed Time ; Average Processors Used ; Peak Virtual Memory ; Total CPU Time (on all processors) ;
+---------------------------+--------------+-------------------------+---------------------+------------------------------------+
; Analysis & Synthesis      ; 00:00:53     ; 1.0                     ; 583 MB              ; 00:00:52                           ;
; Fitter                    ; 00:01:00     ; 1.0                     ; 786 MB              ; 00:01:00                           ;
; Assembler                 ; 00:00:02     ; 1.0                     ; 460 MB              ; 00:00:01                           ;
; TimeQuest Timing Analyzer ; 00:00:03     ; 1.0                     ; 516 MB              ; 00:00:02                           ;
; Total                     ; 00:01:58     ; --                      ; --                  ; 00:01:55                           ;
+---------------------------+--------------+-------------------------+---------------------+------------------------------------+


+----------------------------------------------------------------------------------------+
; Flow OS Summary                                                                        ;
+---------------------------+------------------+-----------+------------+----------------+
; Module Name               ; Machine Hostname ; OS Name   ; OS Version ; Processor type ;
+---------------------------+------------------+-----------+------------+----------------+
; Analysis & Synthesis      ; EPUAKHAW0482     ; Windows 7 ; 6.2        ; x86_64         ;
; Fitter                    ; EPUAKHAW0482     ; Windows 7 ; 6.2        ; x86_64         ;
; Assembler                 ; EPUAKHAW0482     ; Windows 7 ; 6.2        ; x86_64         ;
; TimeQuest Timing Analyzer ; EPUAKHAW0482     ; Windows 7 ; 6.2        ; x86_64         ;
+---------------------------+------------------+-----------+------------+----------------+


------------
; Flow Log ;
------------
quartus_map --read_settings_files=on --write_settings_files=off speccy2010 -c speccy2010
quartus_fit --read_settings_files=off --write_settings_files=off speccy2010 -c speccy2010
quartus_asm --read_settings_files=off --write_settings_files=off speccy2010 -c speccy2010
quartus_sta speccy2010 -c speccy2010



